-------------------------------------------------------------------------------
Test set: allaboutecm.model.AlbumUnitTest
-------------------------------------------------------------------------------
Tests run: 8, Failures: 1, Errors: 0, Skipped: 0, Time elapsed: 0.469 s <<< FAILURE! - in allaboutecm.model.AlbumUnitTest
allaboutecm.model.AlbumUnitTest.urlIsValid(String)[2]  Time elapsed: 0.008 s  <<< FAILURE!
org.opentest4j.AssertionFailedError: The URL format is not correct ==> expected: <true> but was: <false>
	at allaboutecm.model.AlbumUnitTest.urlIsValid(AlbumUnitTest.java:54)

