<?xml version="1.0" encoding="UTF-8"?>
<testsuite xmlns:xsi="http://www.w3.org/2001/XMLSchema-instance" xsi:noNamespaceSchemaLocation="https://maven.apache.org/surefire/maven-surefire-plugin/xsd/surefire-test-report-3.0.xsd" version="3.0" name="allaboutecm.model.AlbumUnitTest" time="0.469" tests="8" errors="0" skipped="0" failures="1">
  <properties>
[...]
</properties>
  <testcase name="shouldCheckNull" classname="allaboutecm.model.AlbumUnitTest" time="0.126"/>
  <testcase name="albumNameConnotBeEmptyOrBlank(String)[1]" classname="allaboutecm.model.AlbumUnitTest" time="0.11"/>
  <testcase name="albumNameConnotBeEmptyOrBlank(String)[2]" classname="allaboutecm.model.AlbumUnitTest" time="0.004"/>
  <testcase name="albumNameConnotBeEmptyOrBlank(String)[3]" classname="allaboutecm.model.AlbumUnitTest" time="0"/>
  <testcase name="albumNameCannotBeNull" classname="allaboutecm.model.AlbumUnitTest" time="0.004"/>
  <testcase name="sameNameAndNumberMeansSameAlbum" classname="allaboutecm.model.AlbumUnitTest" time="0.004"/>
  <testcase name="urlIsValid(String)[1]" classname="allaboutecm.model.AlbumUnitTest" time="0.008"/>
  <testcase name="urlIsValid(String)[2]" classname="allaboutecm.model.AlbumUnitTest" time="0.008">
    <failure type="org.opentest4j.AssertionFailedError"><![CDATA[org.opentest4j.AssertionFailedError: The URL format is not correct ==> expected: <true> but was: <false>
	at allaboutecm.model.AlbumUnitTest.urlIsValid(AlbumUnitTest.java:54)
]]></failure>
  </testcase>
</testsuite>